2020/12/22 07:26:02 : Traceback (most recent call last):
  File "/var/www/python/cartmigration/controllers/migration.py", line 665, in storage_data
    getattr(self.get_source_cart(), 'finish_storage_data')()
  File "/var/www/python/cartmigration/models/basecart.py", line 3929, in finish_storage_data
    folder_upload = self.get_folder_upload(self._migration_id)
  File "/var/www/python/cartmigration/models/basecart.py", line 3941, in get_folder_upload
    folder_upload = root_path + '/' + DIR_UPLOAD + '/' + get_config_ini('src', 'file', file = 'test.ini')
TypeError: can only concatenate str (not "NoneType") to str

2020/12/22 07:26:05 : products_errors 9: Traceback (most recent call last):
  File "/var/www/python/cartmigration/controllers/migration.py", line 1073, in migration
    if import_data['result'] != 'success':
TypeError: 'NoneType' object is not subscriptable

2020/12/22 07:26:05 : products_errors 10: Traceback (most recent call last):
  File "/var/www/python/cartmigration/controllers/migration.py", line 1073, in migration
    if import_data['result'] != 'success':
TypeError: 'NoneType' object is not subscriptable

2020/12/22 07:26:05 : products_errors 16: Traceback (most recent call last):
  File "/var/www/python/cartmigration/controllers/migration.py", line 1073, in migration
    if import_data['result'] != 'success':
TypeError: 'NoneType' object is not subscriptable

2020/12/22 07:26:05 : products_errors 17: Traceback (most recent call last):
  File "/var/www/python/cartmigration/controllers/migration.py", line 1073, in migration
    if import_data['result'] != 'success':
TypeError: 'NoneType' object is not subscriptable

2020/12/22 07:26:05 : products_errors 18: Traceback (most recent call last):
  File "/var/www/python/cartmigration/controllers/migration.py", line 1073, in migration
    if import_data['result'] != 'success':
TypeError: 'NoneType' object is not subscriptable

2020/12/22 07:26:05 : products_errors 19: Traceback (most recent call last):
  File "/var/www/python/cartmigration/controllers/migration.py", line 1073, in migration
    if import_data['result'] != 'success':
TypeError: 'NoneType' object is not subscriptable

2020/12/22 07:26:05 : products_errors 20: Traceback (most recent call last):
  File "/var/www/python/cartmigration/controllers/migration.py", line 1073, in migration
    if import_data['result'] != 'success':
TypeError: 'NoneType' object is not subscriptable

2020/12/22 07:26:05 : products_errors 22: Traceback (most recent call last):
  File "/var/www/python/cartmigration/controllers/migration.py", line 1073, in migration
    if import_data['result'] != 'success':
TypeError: 'NoneType' object is not subscriptable

2020/12/22 07:26:06 : products_errors 23: Traceback (most recent call last):
  File "/var/www/python/cartmigration/controllers/migration.py", line 1073, in migration
    if import_data['result'] != 'success':
TypeError: 'NoneType' object is not subscriptable

2020/12/22 07:26:06 : products_errors 24: Traceback (most recent call last):
  File "/var/www/python/cartmigration/controllers/migration.py", line 1073, in migration
    if import_data['result'] != 'success':
TypeError: 'NoneType' object is not subscriptable

2020/12/22 07:26:06 : products_errors 25: Traceback (most recent call last):
  File "/var/www/python/cartmigration/controllers/migration.py", line 1073, in migration
    if import_data['result'] != 'success':
TypeError: 'NoneType' object is not subscriptable

2020/12/22 07:26:06 : products_errors 37: Traceback (most recent call last):
  File "/var/www/python/cartmigration/controllers/migration.py", line 1073, in migration
    if import_data['result'] != 'success':
TypeError: 'NoneType' object is not subscriptable

2020/12/22 07:26:06 : products_errors 39: Traceback (most recent call last):
  File "/var/www/python/cartmigration/controllers/migration.py", line 1073, in migration
    if import_data['result'] != 'success':
TypeError: 'NoneType' object is not subscriptable

2020/12/22 07:26:06 : products_errors 41: Traceback (most recent call last):
  File "/var/www/python/cartmigration/controllers/migration.py", line 1073, in migration
    if import_data['result'] != 'success':
TypeError: 'NoneType' object is not subscriptable

2020/12/22 07:26:06 : products_errors 42: Traceback (most recent call last):
  File "/var/www/python/cartmigration/controllers/migration.py", line 1073, in migration
    if import_data['result'] != 'success':
TypeError: 'NoneType' object is not subscriptable

2020/12/22 07:26:06 : products_errors 43: Traceback (most recent call last):
  File "/var/www/python/cartmigration/controllers/migration.py", line 1073, in migration
    if import_data['result'] != 'success':
TypeError: 'NoneType' object is not subscriptable

2020/12/22 07:26:06 : products_errors 44: Traceback (most recent call last):
  File "/var/www/python/cartmigration/controllers/migration.py", line 1073, in migration
    if import_data['result'] != 'success':
TypeError: 'NoneType' object is not subscriptable

2020/12/22 07:26:07 : products_errors 47: Traceback (most recent call last):
  File "/var/www/python/cartmigration/controllers/migration.py", line 1073, in migration
    if import_data['result'] != 'success':
TypeError: 'NoneType' object is not subscriptable

2020/12/22 07:26:07 : products_errors 48: Traceback (most recent call last):
  File "/var/www/python/cartmigration/controllers/migration.py", line 1073, in migration
    if import_data['result'] != 'success':
TypeError: 'NoneType' object is not subscriptable

2020/12/22 07:26:07 : products_errors 49: Traceback (most recent call last):
  File "/var/www/python/cartmigration/controllers/migration.py", line 1073, in migration
    if import_data['result'] != 'success':
TypeError: 'NoneType' object is not subscriptable

