2020/12/23 09:12:22 : {"categories_id": "2", "categories_image": null, "parent_id": "0", "sort_order": "50", "date_added": "2007-05-22 00:23:52", "last_modified": "2008-03-09 17:05:35"}
2020/12/23 09:12:23 : {"categories_id": "3", "categories_image": "", "parent_id": "0", "sort_order": "50", "date_added": "2007-05-22 00:23:52", "last_modified": "2011-07-21 10:04:35"}
2020/12/23 09:12:23 : {"categories_id": "4", "categories_image": null, "parent_id": "0", "sort_order": "50", "date_added": "2007-05-22 00:23:52", "last_modified": "2008-03-09 17:08:58"}
2020/12/23 09:12:23 : {"categories_id": "5", "categories_image": "", "parent_id": "0", "sort_order": "50", "date_added": "2007-05-22 00:23:52", "last_modified": "2008-07-09 10:12:53"}
2020/12/23 09:12:23 : {"categories_id": "6", "categories_image": null, "parent_id": "0", "sort_order": "50", "date_added": "2007-05-22 00:23:52", "last_modified": "2007-05-22 00:23:52"}
2020/12/23 09:12:23 : {"categories_id": "7", "categories_image": null, "parent_id": "0", "sort_order": "50", "date_added": "2007-05-22 00:23:52", "last_modified": "2007-05-22 00:23:52"}
2020/12/23 09:12:23 : {"categories_id": "8", "categories_image": "BSNISYNT5.04BANAPW-l.png", "parent_id": "7", "sort_order": "50", "date_added": "2007-05-22 00:23:52", "last_modified": "2011-02-18 10:59:23"}
2020/12/23 09:12:23 : {"categories_id": "9", "categories_image": "", "parent_id": "0", "sort_order": "50", "date_added": "2007-05-22 00:23:52", "last_modified": "2011-10-26 12:44:49"}
2020/12/23 09:12:24 : {"categories_id": "10", "categories_image": "", "parent_id": "0", "sort_order": "50", "date_added": "2007-05-22 00:23:52", "last_modified": "2010-10-18 12:20:34"}
2020/12/23 09:12:24 : {"categories_id": "11", "categories_image": "", "parent_id": "0", "sort_order": "50", "date_added": "2007-05-22 00:23:52", "last_modified": "2011-07-21 10:04:25"}
2020/12/23 09:12:24 : {"categories_id": "12", "categories_image": "", "parent_id": "0", "sort_order": "50", "date_added": "2007-05-22 00:23:52", "last_modified": "2010-10-18 12:20:13"}
2020/12/23 09:12:24 : {"categories_id": "13", "categories_image": "labrada-lb-breakfast-applecinn-l.png", "parent_id": "7", "sort_order": "50", "date_added": "2007-05-22 00:23:52", "last_modified": "2011-02-18 11:56:02"}
2020/12/23 09:12:24 : {"categories_id": "14", "categories_image": "ISSNOYGG0009CCCRBR-l.png", "parent_id": "7", "sort_order": "50", "date_added": "2007-05-22 00:23:52", "last_modified": "2011-02-18 10:53:28"}
2020/12/23 09:12:24 : {"categories_id": "15", "categories_image": "", "parent_id": "0", "sort_order": "50", "date_added": "2007-05-22 00:23:52", "last_modified": "2011-07-21 11:44:12"}
2020/12/23 09:12:24 : {"categories_id": "16", "categories_image": null, "parent_id": "0", "sort_order": "50", "date_added": "2007-05-22 00:23:52", "last_modified": "2007-05-22 00:23:52"}
2020/12/23 09:12:24 : {"categories_id": "17", "categories_image": "dyma-elitehpgranola-7s-l.png", "parent_id": "7", "sort_order": "50", "date_added": "2007-05-22 00:23:52", "last_modified": "2011-02-18 10:50:49"}
2020/12/23 09:12:24 : {"categories_id": "19", "categories_image": "", "parent_id": "0", "sort_order": "50", "date_added": "2007-05-22 00:23:52", "last_modified": "2011-07-21 10:16:02"}
2020/12/23 09:12:25 : {"categories_id": "20", "categories_image": "", "parent_id": "0", "sort_order": "50", "date_added": "2007-05-22 00:23:52", "last_modified": "2012-04-21 09:14:57"}
2020/12/23 09:12:25 : {"categories_id": "22", "categories_image": null, "parent_id": "0", "sort_order": "50", "date_added": "2007-05-22 00:23:52", "last_modified": "2007-05-22 00:23:52"}
2020/12/23 09:12:25 : {"categories_id": "23", "categories_image": null, "parent_id": "0", "sort_order": "50", "date_added": "2007-05-22 00:23:52", "last_modified": "2007-05-22 00:23:52"}
